{
  "RSpec": {
    "coverage": {
      "/Users/KP/big_hippo/letterapp/app/models/user.rb": [
        1,
        1,
        null,
        1,
        null,
        1,
        null,
        null,
        1,
        null,
        null,
        null,
        null
      ],
      "/Users/KP/big_hippo/letterapp/app/helpers/application_helper.rb": [
        1,
        null
      ],
      "/Users/KP/big_hippo/letterapp/app/helpers/letters_helper.rb": [
        1,
        null
      ],
      "/Users/KP/big_hippo/letterapp/app/controllers/sessions_controller.rb": [
        1,
        null,
        null,
        1,
        2,
        null,
        null,
        1,
        2,
        null,
        2,
        1,
        null,
        1,
        1,
        null,
        null,
        1,
        null,
        1,
        null,
        null,
        null,
        1,
        2,
        2,
        2,
        null,
        null,
        null,
        1,
        null,
        1,
        3,
        null,
        null,
        null,
        null,
        null,
        null
      ],
      "/Users/KP/big_hippo/letterapp/app/controllers/application_controller.rb": [
        1,
        null,
        null,
        1,
        null,
        1,
        null,
        1,
        null,
        null,
        null,
        null,
        1,
        2,
        null,
        null,
        1,
        1,
        1,
        1,
        null,
        null,
        null,
        null
      ],
      "/Users/KP/big_hippo/letterapp/app/controllers/targets_controller.rb": [
        1,
        null,
        1,
        null,
        1,
        null,
        null,
        null
      ],
      "/Users/KP/big_hippo/letterapp/app/controllers/users_controller.rb": [
        1,
        null,
        1,
        1,
        null,
        null,
        null,
        1,
        2,
        null,
        null,
        1,
        0,
        0,
        null,
        null,
        1,
        2,
        2,
        null,
        1,
        1,
        null,
        null,
        1,
        null,
        1,
        null,
        null,
        null,
        null,
        1,
        null,
        1,
        2,
        null,
        null,
        null
      ]
    },
    "timestamp": 1434420366
  }
}
